[==========] Running 1 test from 1 test case.
[----------] Global test environment set-up.
[----------] 1 test from RandomCommTest
[ RUN      ] RandomCommTest.TestsInTests
[==========] Running 1 test from 1 test case.
[----------] Global test environment set-up.
[----------] 1 test from RandomCommTest
[ RUN      ] RandomCommTest.TestsInTests
[==========] Running 1 test from 1 test case.
[----------] Global test environment set-up.
[----------] 1 test from RandomCommTest
[ RUN      ] RandomCommTest.TestsInTests
[==========] Running 1 test from 1 test case.
[----------] Global test environment set-up.
[----------] 1 test from RandomCommTest
[ RUN      ] RandomCommTest.TestsInTests
[==========] Running 1 test from 1 test case.
[----------] Global test environment set-up.
[----------] 1 test from RandomCommTest
[ RUN      ] RandomCommTest.TestsInTests
[==========] Running 1 test from 1 test case.
[----------] Global test environment set-up.
[----------] 1 test from RandomCommTest
[ RUN      ] RandomCommTest.TestsInTests
[==========] Running 1 test from 1 test case.
[----------] Global test environment set-up.
[----------] 1 test from RandomCommTest
[ RUN      ] RandomCommTest.TestsInTests
[==========] Running 1 test from 1 test case.
[----------] Global test environment set-up.
[----------] 1 test from RandomCommTest
[ RUN      ] RandomCommTest.TestsInTests
[==========] Running 1 test from 1 test case.
[----------] Global test environment set-up.
[----------] 1 test from RandomCommTest
[ RUN      ] RandomCommTest.TestsInTests
[==========] Running 1 test from 1 test case.
[----------] Global test environment set-up.
[----------] 1 test from RandomCommTest
[ RUN      ] RandomCommTest.TestsInTests
[==========] Running 1 test from 1 test case.
[----------] Global test environment set-up.
[----------] 1 test from RandomCommTest
[ RUN      ] RandomCommTest.TestsInTests
[==========] Running 1 test from 1 test case.
[----------] Global test environment set-up.
[----------] 1 test from RandomCommTest
[ RUN      ] RandomCommTest.TestsInTests
[==========] Running 1 test from 1 test case.
[----------] Global test environment set-up.
[----------] 1 test from RandomCommTest
[ RUN      ] RandomCommTest.TestsInTests
[==========] Running 1 test from 1 test case.
[----------] Global test environment set-up.
[----------] 1 test from RandomCommTest
[ RUN      ] RandomCommTest.TestsInTests
[==========] Running 1 test from 1 test case.
[----------] Global test environment set-up.
[----------] 1 test from RandomCommTest
[ RUN      ] RandomCommTest.TestsInTests
[==========] Running 1 test from 1 test case.
[----------] Global test environment set-up.
[----------] 1 test from RandomCommTest
[ RUN      ] RandomCommTest.TestsInTests
[       OK ] RandomCommTest.TestsInTests (7 ms)
[----------] 1 test from RandomCommTest (7 ms total)

[----------] Global test environment tear-down
[       OK ] RandomCommTest.TestsInTests (7 ms)
[----------] 1 test from RandomCommTest (7 ms total)

[----------] Global test environment tear-down
[==========] 1 test from 1 test case ran. (7 ms total)
[  PASSED  ] 1 test.
[       OK ] RandomCommTest.TestsInTests (8 ms)
[----------] 1 test from RandomCommTest (8 ms total)

[----------] Global test environment tear-down
[       OK ] RandomCommTest.TestsInTests (7 ms)
[----------] 1 test from RandomCommTest (7 ms total)

[----------] Global test environment tear-down
[       OK ] RandomCommTest.TestsInTests (8 ms)
[----------] 1 test from RandomCommTest (8 ms total)

[----------] Global test environment tear-down
[       OK ] RandomCommTest.TestsInTests (7 ms)
[----------] 1 test from RandomCommTest (7 ms total)

[----------] Global test environment tear-down
[==========] 1 test from 1 test case ran. (7 ms total)
[  PASSED  ] 1 test.
[       OK ] RandomCommTest.TestsInTests (7 ms)
[----------] 1 test from RandomCommTest (7 ms total)

[----------] Global test environment tear-down
[==========] 1 test from 1 test case ran. (7 ms total)
[  PASSED  ] 1 test.
[       OK ] RandomCommTest.TestsInTests (7 ms)
[----------] 1 test from RandomCommTest (7 ms total)

[----------] Global test environment tear-down
[==========] 1 test from 1 test case ran. (7 ms total)
[  PASSED  ] 1 test.
[       OK ] RandomCommTest.TestsInTests (7 ms)
[----------] 1 test from RandomCommTest (7 ms total)

[----------] Global test environment tear-down
[==========] 1 test from 1 test case ran. (7 ms total)
[  PASSED  ] 1 test.
[       OK ] RandomCommTest.TestsInTests (8 ms)
[----------] 1 test from RandomCommTest (8 ms total)

[----------] Global test environment tear-down
[==========] 1 test from 1 test case ran. (8 ms total)
[  PASSED  ] 1 test.
[       OK ] RandomCommTest.TestsInTests (7 ms)
[----------] 1 test from RandomCommTest (7 ms total)

[----------] Global test environment tear-down
[==========] 1 test from 1 test case ran. (7 ms total)
[  PASSED  ] 1 test.
[       OK ] RandomCommTest.TestsInTests (7 ms)
[----------] 1 test from RandomCommTest (7 ms total)

[----------] Global test environment tear-down
[==========] 1 test from 1 test case ran. (7 ms total)
[  PASSED  ] 1 test.
[       OK ] RandomCommTest.TestsInTests (7 ms)
[----------] 1 test from RandomCommTest (7 ms total)

[----------] Global test environment tear-down
[==========] 1 test from 1 test case ran. (7 ms total)
[  PASSED  ] 1 test.
[       OK ] RandomCommTest.TestsInTests (7 ms)
[----------] 1 test from RandomCommTest (7 ms total)

[----------] Global test environment tear-down
[==========] 1 test from 1 test case ran. (7 ms total)
[  PASSED  ] 1 test.
[       OK ] RandomCommTest.TestsInTests (8 ms)
[----------] 1 test from RandomCommTest (8 ms total)

[----------] Global test environment tear-down
[==========] 1 test from 1 test case ran. (8 ms total)
[  PASSED  ] 1 test.
[       OK ] RandomCommTest.TestsInTests (7 ms)
[----------] 1 test from RandomCommTest (7 ms total)

[----------] Global test environment tear-down
[==========] 1 test from 1 test case ran. (8 ms total)
[  PASSED  ] 1 test.
[==========] 1 test from 1 test case ran. (7 ms total)
[  PASSED  ] 1 test.
[==========] 1 test from 1 test case ran. (8 ms total)
[  PASSED  ] 1 test.
[==========] 1 test from 1 test case ran. (8 ms total)
[  PASSED  ] 1 test.
[==========] 1 test from 1 test case ran. (8 ms total)
[  PASSED  ] 1 test.
[==========] Running 1 test from 1 test suite.
[----------] Global test environment set-up.
[----------] 1 test from RandomCommTest
[ RUN      ] RandomCommTest.TestsInTests
[==========] Running 1 test from 1 test suite.
[----------] Global test environment set-up.
[----------] 1 test from RandomCommTest
[ RUN      ] RandomCommTest.TestsInTests
[==========] Running 1 test from 1 test suite.
[----------] Global test environment set-up.
[----------] 1 test from RandomCommTest
[ RUN      ] RandomCommTest.TestsInTests
[==========] Running 1 test from 1 test suite.
[----------] Global test environment set-up.
[----------] 1 test from RandomCommTest
[ RUN      ] RandomCommTest.TestsInTests
[==========] Running 1 test from 1 test suite.
[----------] Global test environment set-up.
[----------] 1 test from RandomCommTest
[ RUN      ] RandomCommTest.TestsInTests
[==========] Running 1 test from 1 test suite.
[----------] Global test environment set-up.
[----------] 1 test from RandomCommTest
[ RUN      ] RandomCommTest.TestsInTests
[==========] Running 1 test from 1 test suite.
[----------] Global test environment set-up.
[----------] 1 test from RandomCommTest
[ RUN      ] RandomCommTest.TestsInTests
[==========] Running 1 test from 1 test suite.
[----------] Global test environment set-up.
[----------] 1 test from RandomCommTest
[ RUN      ] RandomCommTest.TestsInTests
[==========] Running 1 test from 1 test suite.
[----------] Global test environment set-up.
[----------] 1 test from RandomCommTest
[ RUN      ] RandomCommTest.TestsInTests
[==========] Running 1 test from 1 test suite.
[----------] Global test environment set-up.
[----------] 1 test from RandomCommTest
[ RUN      ] RandomCommTest.TestsInTests
[==========] Running 1 test from 1 test suite.
[----------] Global test environment set-up.
[----------] 1 test from RandomCommTest
[ RUN      ] RandomCommTest.TestsInTests
[==========] Running 1 test from 1 test suite.
[----------] Global test environment set-up.
[----------] 1 test from RandomCommTest
[ RUN      ] RandomCommTest.TestsInTests
[==========] Running 1 test from 1 test suite.
[----------] Global test environment set-up.
[----------] 1 test from RandomCommTest
[ RUN      ] RandomCommTest.TestsInTests
[==========] Running 1 test from 1 test suite.
[----------] Global test environment set-up.
[----------] 1 test from RandomCommTest
[ RUN      ] RandomCommTest.TestsInTests
[==========] Running 1 test from 1 test suite.
[----------] Global test environment set-up.
[----------] 1 test from RandomCommTest
[ RUN      ] RandomCommTest.TestsInTests
[==========] Running 1 test from 1 test suite.
[----------] Global test environment set-up.
[----------] 1 test from RandomCommTest
[ RUN      ] RandomCommTest.TestsInTests
[       OK ] RandomCommTest.TestsInTests (8 ms)
[----------] 1 test from RandomCommTest (8 ms total)

[----------] Global test environment tear-down
[==========] 1 test from 1 test suite ran. (8 ms total)
[  PASSED  ] 1 test.
[       OK ] RandomCommTest.TestsInTests (8 ms)
[----------] 1 test from RandomCommTest (8 ms total)

[----------] Global test environment tear-down
[==========] 1 test from 1 test suite ran. (8 ms total)
[  PASSED  ] 1 test.
[       OK ] RandomCommTest.TestsInTests (8 ms)
[----------] 1 test from RandomCommTest (8 ms total)

[----------] Global test environment tear-down
[==========] 1 test from 1 test suite ran. (8 ms total)
[  PASSED  ] 1 test.
[       OK ] RandomCommTest.TestsInTests (8 ms)
[----------] 1 test from RandomCommTest (8 ms total)

[----------] Global test environment tear-down
[==========] 1 test from 1 test suite ran. (8 ms total)
[  PASSED  ] 1 test.
[       OK ] RandomCommTest.TestsInTests (8 ms)
[----------] 1 test from RandomCommTest (8 ms total)

[----------] Global test environment tear-down
[==========] 1 test from 1 test suite ran. (8 ms total)
[  PASSED  ] 1 test.
[       OK ] RandomCommTest.TestsInTests (8 ms)
[----------] 1 test from RandomCommTest (8 ms total)

[----------] Global test environment tear-down
[==========] 1 test from 1 test suite ran. (8 ms total)
[  PASSED  ] 1 test.
[       OK ] RandomCommTest.TestsInTests (8 ms)
[----------] 1 test from RandomCommTest (8 ms total)

[----------] Global test environment tear-down
[==========] 1 test from 1 test suite ran. (8 ms total)
[  PASSED  ] 1 test.
[       OK ] RandomCommTest.TestsInTests (8 ms)
[----------] 1 test from RandomCommTest (8 ms total)

[----------] Global test environment tear-down
[==========] 1 test from 1 test suite ran. (8 ms total)
[  PASSED  ] 1 test.
[       OK ] RandomCommTest.TestsInTests (8 ms)
[----------] 1 test from RandomCommTest (8 ms total)

[----------] Global test environment tear-down
[==========] 1 test from 1 test suite ran. (8 ms total)
[  PASSED  ] 1 test.
[       OK ] RandomCommTest.TestsInTests (8 ms)
[----------] 1 test from RandomCommTest (8 ms total)

[----------] Global test environment tear-down
[==========] 1 test from 1 test suite ran. (8 ms total)
[  PASSED  ] 1 test.
[       OK ] RandomCommTest.TestsInTests (8 ms)
[----------] 1 test from RandomCommTest (8 ms total)

[----------] Global test environment tear-down
[==========] 1 test from 1 test suite ran. (8 ms total)
[  PASSED  ] 1 test.
[       OK ] RandomCommTest.TestsInTests (8 ms)
[----------] 1 test from RandomCommTest (8 ms total)

[----------] Global test environment tear-down
[==========] 1 test from 1 test suite ran. (8 ms total)
[  PASSED  ] 1 test.
[       OK ] RandomCommTest.TestsInTests (8 ms)
[----------] 1 test from RandomCommTest (8 ms total)

[----------] Global test environment tear-down
[==========] 1 test from 1 test suite ran. (8 ms total)
[  PASSED  ] 1 test.
[       OK ] RandomCommTest.TestsInTests (8 ms)
[----------] 1 test from RandomCommTest (8 ms total)

[----------] Global test environment tear-down
[==========] 1 test from 1 test suite ran. (8 ms total)
[  PASSED  ] 1 test.
[       OK ] RandomCommTest.TestsInTests (8 ms)
[----------] 1 test from RandomCommTest (8 ms total)

[----------] Global test environment tear-down
[==========] 1 test from 1 test suite ran. (8 ms total)
[  PASSED  ] 1 test.
[       OK ] RandomCommTest.TestsInTests (8 ms)
[----------] 1 test from RandomCommTest (8 ms total)

[----------] Global test environment tear-down
[==========] 1 test from 1 test suite ran. (8 ms total)
[  PASSED  ] 1 test.
[==========] Running 1 test from 1 test suite.
[----------] Global test environment set-up.
[----------] 1 test from RandomCommTest
[ RUN      ] RandomCommTest.TestsInTests
[==========] Running 1 test from 1 test suite.
[----------] Global test environment set-up.
[----------] 1 test from RandomCommTest
[ RUN      ] RandomCommTest.TestsInTests
[==========] Running 1 test from 1 test suite.
[----------] Global test environment set-up.
[----------] 1 test from RandomCommTest
[ RUN      ] RandomCommTest.TestsInTests
[==========] Running 1 test from 1 test suite.
[----------] Global test environment set-up.
[----------] 1 test from RandomCommTest
[ RUN      ] RandomCommTest.TestsInTests
[==========] Running 1 test from 1 test suite.
[----------] Global test environment set-up.
[----------] 1 test from RandomCommTest
[ RUN      ] RandomCommTest.TestsInTests
[==========] Running 1 test from 1 test suite.
[----------] Global test environment set-up.
[----------] 1 test from RandomCommTest
[ RUN      ] RandomCommTest.TestsInTests
[==========] Running 1 test from 1 test suite.
[----------] Global test environment set-up.
[----------] 1 test from RandomCommTest
[ RUN      ] RandomCommTest.TestsInTests
[==========] Running 1 test from 1 test suite.
[----------] Global test environment set-up.
[----------] 1 test from RandomCommTest
[ RUN      ] RandomCommTest.TestsInTests
[==========] Running 1 test from 1 test suite.
[----------] Global test environment set-up.
[----------] 1 test from RandomCommTest
[ RUN      ] RandomCommTest.TestsInTests
[==========] Running 1 test from 1 test suite.
[----------] Global test environment set-up.
[----------] 1 test from RandomCommTest
[ RUN      ] RandomCommTest.TestsInTests
[==========] Running 1 test from 1 test suite.
[----------] Global test environment set-up.
[----------] 1 test from RandomCommTest
[ RUN      ] RandomCommTest.TestsInTests
[==========] Running 1 test from 1 test suite.
[----------] Global test environment set-up.
[----------] 1 test from RandomCommTest
[ RUN      ] RandomCommTest.TestsInTests
[==========] Running 1 test from 1 test suite.
[----------] Global test environment set-up.
[----------] 1 test from RandomCommTest
[ RUN      ] RandomCommTest.TestsInTests
[==========] Running 1 test from 1 test suite.
[----------] Global test environment set-up.
[----------] 1 test from RandomCommTest
[ RUN      ] RandomCommTest.TestsInTests
[==========] Running 1 test from 1 test suite.
[----------] Global test environment set-up.
[----------] 1 test from RandomCommTest
[ RUN      ] RandomCommTest.TestsInTests
[==========] Running 1 test from 1 test suite.
[----------] Global test environment set-up.
[----------] 1 test from RandomCommTest
[ RUN      ] RandomCommTest.TestsInTests
[       OK ] RandomCommTest.TestsInTests (9 ms)
[----------] 1 test from RandomCommTest (9 ms total)

[----------] Global test environment tear-down
[==========] 1 test from 1 test suite ran. (9 ms total)
[  PASSED  ] 1 test.
[       OK ] RandomCommTest.TestsInTests (9 ms)
[----------] 1 test from RandomCommTest (9 ms total)

[----------] Global test environment tear-down
[==========] 1 test from 1 test suite ran. (9 ms total)
[  PASSED  ] 1 test.
[       OK ] RandomCommTest.TestsInTests (9 ms)
[----------] 1 test from RandomCommTest (9 ms total)

[----------] Global test environment tear-down
[==========] 1 test from 1 test suite ran. (9 ms total)
[  PASSED  ] 1 test.
[       OK ] RandomCommTest.TestsInTests (9 ms)
[----------] 1 test from RandomCommTest (9 ms total)

[----------] Global test environment tear-down
[==========] 1 test from 1 test suite ran. (9 ms total)
[  PASSED  ] 1 test.
[       OK ] RandomCommTest.TestsInTests (9 ms)
[----------] 1 test from RandomCommTest (9 ms total)

[----------] Global test environment tear-down
[==========] 1 test from 1 test suite ran. (9 ms total)
[  PASSED  ] 1 test.
[       OK ] RandomCommTest.TestsInTests (9 ms)
[----------] 1 test from RandomCommTest (9 ms total)

[----------] Global test environment tear-down
[==========] 1 test from 1 test suite ran. (9 ms total)
[  PASSED  ] 1 test.
[       OK ] RandomCommTest.TestsInTests (9 ms)
[----------] 1 test from RandomCommTest (9 ms total)

[----------] Global test environment tear-down
[==========] 1 test from 1 test suite ran. (9 ms total)
[  PASSED  ] 1 test.
[       OK ] RandomCommTest.TestsInTests (8 ms)
[----------] 1 test from RandomCommTest (8 ms total)

[----------] Global test environment tear-down
[==========] 1 test from 1 test suite ran. (8 ms total)
[  PASSED  ] 1 test.
[       OK ] RandomCommTest.TestsInTests (8 ms)
[----------] 1 test from RandomCommTest (8 ms total)

[----------] Global test environment tear-down
[==========] 1 test from 1 test suite ran. (8 ms total)
[  PASSED  ] 1 test.
[       OK ] RandomCommTest.TestsInTests (8 ms)
[----------] 1 test from RandomCommTest (8 ms total)

[----------] Global test environment tear-down
[==========] 1 test from 1 test suite ran. (8 ms total)
[  PASSED  ] 1 test.
[       OK ] RandomCommTest.TestsInTests (8 ms)
[----------] 1 test from RandomCommTest (8 ms total)

[----------] Global test environment tear-down
[==========] 1 test from 1 test suite ran. (8 ms total)
[  PASSED  ] 1 test.
[       OK ] RandomCommTest.TestsInTests (8 ms)
[----------] 1 test from RandomCommTest (8 ms total)

[----------] Global test environment tear-down
[==========] 1 test from 1 test suite ran. (8 ms total)
[  PASSED  ] 1 test.
[       OK ] RandomCommTest.TestsInTests (8 ms)
[----------] 1 test from RandomCommTest (8 ms total)

[----------] Global test environment tear-down
[==========] 1 test from 1 test suite ran. (8 ms total)
[  PASSED  ] 1 test.
[       OK ] RandomCommTest.TestsInTests (8 ms)
[----------] 1 test from RandomCommTest (8 ms total)

[----------] Global test environment tear-down
[==========] 1 test from 1 test suite ran. (8 ms total)
[  PASSED  ] 1 test.
[       OK ] RandomCommTest.TestsInTests (8 ms)
[----------] 1 test from RandomCommTest (8 ms total)

[----------] Global test environment tear-down
[==========] 1 test from 1 test suite ran. (8 ms total)
[  PASSED  ] 1 test.
[       OK ] RandomCommTest.TestsInTests (9 ms)
[----------] 1 test from RandomCommTest (9 ms total)

[----------] Global test environment tear-down
[==========] 1 test from 1 test suite ran. (9 ms total)
[  PASSED  ] 1 test.
[==========] Running 1 test from 1 test suite.
[----------] Global test environment set-up.
[----------] 1 test from RandomCommTest
[ RUN      ] RandomCommTest.TestsInTests
[==========] Running 1 test from 1 test suite.
[----------] Global test environment set-up.
[----------] 1 test from RandomCommTest
[ RUN      ] RandomCommTest.TestsInTests
[==========] Running 1 test from 1 test suite.
[----------] Global test environment set-up.
[----------] 1 test from RandomCommTest
[ RUN      ] RandomCommTest.TestsInTests
[==========] Running 1 test from 1 test suite.
[----------] Global test environment set-up.
[----------] 1 test from RandomCommTest
[ RUN      ] RandomCommTest.TestsInTests
[==========] Running 1 test from 1 test suite.
[----------] Global test environment set-up.
[----------] 1 test from RandomCommTest
[ RUN      ] RandomCommTest.TestsInTests
[==========] Running 1 test from 1 test suite.
[----------] Global test environment set-up.
[----------] 1 test from RandomCommTest
[ RUN      ] RandomCommTest.TestsInTests
[==========] Running 1 test from 1 test suite.
[----------] Global test environment set-up.
[----------] 1 test from RandomCommTest
[ RUN      ] RandomCommTest.TestsInTests
[==========] Running 1 test from 1 test suite.
[----------] Global test environment set-up.
[----------] 1 test from RandomCommTest
[ RUN      ] RandomCommTest.TestsInTests
[==========] Running 1 test from 1 test suite.
[----------] Global test environment set-up.
[----------] 1 test from RandomCommTest
[ RUN      ] RandomCommTest.TestsInTests
[==========] Running 1 test from 1 test suite.
[----------] Global test environment set-up.
[----------] 1 test from RandomCommTest
[ RUN      ] RandomCommTest.TestsInTests
[==========] Running 1 test from 1 test suite.
[----------] Global test environment set-up.
[----------] 1 test from RandomCommTest
[ RUN      ] RandomCommTest.TestsInTests
[==========] Running 1 test from 1 test suite.
[----------] Global test environment set-up.
[----------] 1 test from RandomCommTest
[ RUN      ] RandomCommTest.TestsInTests
[==========] Running 1 test from 1 test suite.
[----------] Global test environment set-up.
[----------] 1 test from RandomCommTest
[ RUN      ] RandomCommTest.TestsInTests
[==========] Running 1 test from 1 test suite.
[----------] Global test environment set-up.
[----------] 1 test from RandomCommTest
[ RUN      ] RandomCommTest.TestsInTests
[==========] Running 1 test from 1 test suite.
[----------] Global test environment set-up.
[----------] 1 test from RandomCommTest
[ RUN      ] RandomCommTest.TestsInTests
[==========] Running 1 test from 1 test suite.
[----------] Global test environment set-up.
[----------] 1 test from RandomCommTest
[ RUN      ] RandomCommTest.TestsInTests
/g/g14/bienz1/locality_aware/src/collective/tests/test_allgather.cpp:129: Failure
Expected equality of these values:
  std_allgather[j]
    Which is: 400
  loc_bruck_allgather[j]
    Which is: 0
[  FAILED  ] RandomCommTest.TestsInTests (1 ms)
[----------] 1 test from RandomCommTest (1 ms total)

[----------] Global test environment tear-down
/g/g14/bienz1/locality_aware/src/collective/tests/test_allgather.cpp:129: Failure
Expected equality of these values:
  std_allgather[j]
    Which is: 400
  loc_bruck_allgather[j]
    Which is: 0
[  FAILED  ] RandomCommTest.TestsInTests (1 ms)
[----------] 1 test from RandomCommTest (1 ms total)

[----------] Global test environment tear-down
/g/g14/bienz1/locality_aware/src/collective/tests/test_allgather.cpp:129: Failure
Expected equality of these values:
  std_allgather[j]
    Which is: 400
  loc_bruck_allgather[j]
    Which is: 0
[  FAILED  ] RandomCommTest.TestsInTests (1 ms)
[----------] 1 test from RandomCommTest (1 ms total)

[----------] Global test environment tear-down
[==========] 1 test from 1 test suite ran. (2 ms total)
[  PASSED  ] 0 tests.
[  FAILED  ] 1 test, listed below:
[  FAILED  ] RandomCommTest.TestsInTests

 1 FAILED TEST
/g/g14/bienz1/locality_aware/src/collective/tests/test_allgather.cpp:129: Failure
Expected equality of these values:
  std_allgather[j]
    Which is: 400
  loc_bruck_allgather[j]
    Which is: 0
[  FAILED  ] RandomCommTest.TestsInTests (1 ms)
[----------] 1 test from RandomCommTest (1 ms total)

[----------] Global test environment tear-down
[==========] 1 test from 1 test suite ran. (2 ms total)
[  PASSED  ] 0 tests.
[  FAILED  ] 1 test, listed below:
[  FAILED  ] RandomCommTest.TestsInTests

 1 FAILED TEST
/g/g14/bienz1/locality_aware/src/collective/tests/test_allgather.cpp:129: Failure
Expected equality of these values:
  std_allgather[j]
    Which is: 0
  loc_bruck_allgather[j]
    Which is: 400
[  FAILED  ] RandomCommTest.TestsInTests (1 ms)
[----------] 1 test from RandomCommTest (1 ms total)

[----------] Global test environment tear-down
[==========] 1 test from 1 test suite ran. (2 ms total)
[  PASSED  ] 0 tests.
[  FAILED  ] 1 test, listed below:
[  FAILED  ] RandomCommTest.TestsInTests

 1 FAILED TEST
/g/g14/bienz1/locality_aware/src/collective/tests/test_allgather.cpp:129: Failure
Expected equality of these values:
  std_allgather[j]
    Which is: 0
  loc_bruck_allgather[j]
    Which is: 400
[  FAILED  ] RandomCommTest.TestsInTests (1 ms)
[----------] 1 test from RandomCommTest (1 ms total)

[----------] Global test environment tear-down
[==========] 1 test from 1 test suite ran. (2 ms total)
[  PASSED  ] 0 tests.
[  FAILED  ] 1 test, listed below:
[  FAILED  ] RandomCommTest.TestsInTests

 1 FAILED TEST
/g/g14/bienz1/locality_aware/src/collective/tests/test_allgather.cpp:129: Failure
Expected equality of these values:
  std_allgather[j]
    Which is: 0
  loc_bruck_allgather[j]
    Which is: 400
[  FAILED  ] RandomCommTest.TestsInTests (1 ms)
[----------] 1 test from RandomCommTest (1 ms total)

[----------] Global test environment tear-down
[==========] 1 test from 1 test suite ran. (2 ms total)
[  PASSED  ] 0 tests.
[  FAILED  ] 1 test, listed below:
[  FAILED  ] RandomCommTest.TestsInTests

 1 FAILED TEST
/g/g14/bienz1/locality_aware/src/collective/tests/test_allgather.cpp:129: Failure
Expected equality of these values:
  std_allgather[j]
    Which is: 0
  loc_bruck_allgather[j]
    Which is: 400
[  FAILED  ] RandomCommTest.TestsInTests (1 ms)
[----------] 1 test from RandomCommTest (1 ms total)

[----------] Global test environment tear-down
[==========] 1 test from 1 test suite ran. (2 ms total)
[  PASSED  ] 0 tests.
[  FAILED  ] 1 test, listed below:
[  FAILED  ] RandomCommTest.TestsInTests

 1 FAILED TEST
/g/g14/bienz1/locality_aware/src/collective/tests/test_allgather.cpp:129: Failure
Expected equality of these values:
  std_allgather[j]
    Which is: 0
  loc_bruck_allgather[j]
    Which is: 800
[  FAILED  ] RandomCommTest.TestsInTests (1 ms)
[----------] 1 test from RandomCommTest (1 ms total)

[----------] Global test environment tear-down
[==========] 1 test from 1 test suite ran. (2 ms total)
[  PASSED  ] 0 tests.
[  FAILED  ] 1 test, listed below:
[  FAILED  ] RandomCommTest.TestsInTests

 1 FAILED TEST
/g/g14/bienz1/locality_aware/src/collective/tests/test_allgather.cpp:129: Failure
Expected equality of these values:
  std_allgather[j]
    Which is: 0
  loc_bruck_allgather[j]
    Which is: 800
[  FAILED  ] RandomCommTest.TestsInTests (1 ms)
[----------] 1 test from RandomCommTest (1 ms total)

[----------] Global test environment tear-down
[==========] 1 test from 1 test suite ran. (2 ms total)
[  PASSED  ] 0 tests.
[  FAILED  ] 1 test, listed below:
[  FAILED  ] RandomCommTest.TestsInTests

 1 FAILED TEST
/g/g14/bienz1/locality_aware/src/collective/tests/test_allgather.cpp:129: Failure
Expected equality of these values:
  std_allgather[j]
    Which is: 0
  loc_bruck_allgather[j]
    Which is: 800
[  FAILED  ] RandomCommTest.TestsInTests (1 ms)
[----------] 1 test from RandomCommTest (1 ms total)

[----------] Global test environment tear-down
[==========] 1 test from 1 test suite ran. (2 ms total)
[  PASSED  ] 0 tests.
[  FAILED  ] 1 test, listed below:
[  FAILED  ] RandomCommTest.TestsInTests

 1 FAILED TEST
/g/g14/bienz1/locality_aware/src/collective/tests/test_allgather.cpp:129: Failure
Expected equality of these values:
  std_allgather[j]
    Which is: 0
  loc_bruck_allgather[j]
    Which is: 800
[  FAILED  ] RandomCommTest.TestsInTests (1 ms)
[----------] 1 test from RandomCommTest (1 ms total)

[----------] Global test environment tear-down
[==========] 1 test from 1 test suite ran. (2 ms total)
[  PASSED  ] 0 tests.
[  FAILED  ] 1 test, listed below:
[  FAILED  ] RandomCommTest.TestsInTests

 1 FAILED TEST
/g/g14/bienz1/locality_aware/src/collective/tests/test_allgather.cpp:129: Failure
Expected equality of these values:
  std_allgather[j]
    Which is: 0
  loc_bruck_allgather[j]
    Which is: 1200
[  FAILED  ] RandomCommTest.TestsInTests (1 ms)
[----------] 1 test from RandomCommTest (1 ms total)

[----------] Global test environment tear-down
[==========] 1 test from 1 test suite ran. (2 ms total)
[  PASSED  ] 0 tests.
[  FAILED  ] 1 test, listed below:
[  FAILED  ] RandomCommTest.TestsInTests

 1 FAILED TEST
[==========] 1 test from 1 test suite ran. (2 ms total)
[  PASSED  ] 0 tests.
[  FAILED  ] 1 test, listed below:
[  FAILED  ] RandomCommTest.TestsInTests

 1 FAILED TEST
[==========] 1 test from 1 test suite ran. (2 ms total)
[  PASSED  ] 0 tests.
[  FAILED  ] 1 test, listed below:
[  FAILED  ] RandomCommTest.TestsInTests

 1 FAILED TEST
/g/g14/bienz1/locality_aware/src/collective/tests/test_allgather.cpp:129: Failure
Expected equality of these values:
  std_allgather[j]
    Which is: 0
  loc_bruck_allgather[j]
    Which is: 1200
[  FAILED  ] RandomCommTest.TestsInTests (1 ms)
[----------] 1 test from RandomCommTest (1 ms total)

[----------] Global test environment tear-down
[==========] 1 test from 1 test suite ran. (2 ms total)
[  PASSED  ] 0 tests.
[  FAILED  ] 1 test, listed below:
[  FAILED  ] RandomCommTest.TestsInTests

 1 FAILED TEST
/g/g14/bienz1/locality_aware/src/collective/tests/test_allgather.cpp:129: Failure
Expected equality of these values:
  std_allgather[j]
    Which is: 0
  loc_bruck_allgather[j]
    Which is: 1200
[  FAILED  ] RandomCommTest.TestsInTests (1 ms)
[----------] 1 test from RandomCommTest (1 ms total)

[----------] Global test environment tear-down
[==========] 1 test from 1 test suite ran. (2 ms total)
[  PASSED  ] 0 tests.
[  FAILED  ] 1 test, listed below:
[  FAILED  ] RandomCommTest.TestsInTests

 1 FAILED TEST
/g/g14/bienz1/locality_aware/src/collective/tests/test_allgather.cpp:129: Failure
Expected equality of these values:
  std_allgather[j]
    Which is: 0
  loc_bruck_allgather[j]
    Which is: 1200
[  FAILED  ] RandomCommTest.TestsInTests (1 ms)
[----------] 1 test from RandomCommTest (1 ms total)

[----------] Global test environment tear-down
[==========] 1 test from 1 test suite ran. (2 ms total)
[  PASSED  ] 0 tests.
[  FAILED  ] 1 test, listed below:
[  FAILED  ] RandomCommTest.TestsInTests

 1 FAILED TEST
[==========] Running 1 test from 1 test suite.
[----------] Global test environment set-up.
[----------] 1 test from RandomCommTest
[ RUN      ] RandomCommTest.TestsInTests
[==========] Running 1 test from 1 test suite.
[----------] Global test environment set-up.
[----------] 1 test from RandomCommTest
[ RUN      ] RandomCommTest.TestsInTests
[==========] Running 1 test from 1 test suite.
[----------] Global test environment set-up.
[----------] 1 test from RandomCommTest
[ RUN      ] RandomCommTest.TestsInTests
[==========] Running 1 test from 1 test suite.
[----------] Global test environment set-up.
[----------] 1 test from RandomCommTest
[ RUN      ] RandomCommTest.TestsInTests
[==========] Running 1 test from 1 test suite.
[----------] Global test environment set-up.
[----------] 1 test from RandomCommTest
[ RUN      ] RandomCommTest.TestsInTests
[==========] Running 1 test from 1 test suite.
[----------] Global test environment set-up.
[----------] 1 test from RandomCommTest
[ RUN      ] RandomCommTest.TestsInTests
[==========] Running 1 test from 1 test suite.
[----------] Global test environment set-up.
[----------] 1 test from RandomCommTest
[ RUN      ] RandomCommTest.TestsInTests
[==========] Running 1 test from 1 test suite.
[----------] Global test environment set-up.
[----------] 1 test from RandomCommTest
[ RUN      ] RandomCommTest.TestsInTests
[==========] Running 1 test from 1 test suite.
[----------] Global test environment set-up.
[==========] Running 1 test from 1 test suite.
[----------] Global test environment set-up.
[----------] 1 test from RandomCommTest
[ RUN      ] RandomCommTest.TestsInTests
[==========] Running 1 test from 1 test suite.
[----------] Global test environment set-up.
[----------] 1 test from RandomCommTest
[ RUN      ] RandomCommTest.TestsInTests
[==========] Running 1 test from 1 test suite.
[----------] Global test environment set-up.
[----------] 1 test from RandomCommTest
[ RUN      ] RandomCommTest.TestsInTests
[==========] Running 1 test from 1 test suite.
[----------] Global test environment set-up.
[----------] 1 test from RandomCommTest
[ RUN      ] RandomCommTest.TestsInTests
[==========] Running 1 test from 1 test suite.
[----------] Global test environment set-up.
[----------] 1 test from RandomCommTest
[ RUN      ] RandomCommTest.TestsInTests
[==========] Running 1 test from 1 test suite.
[----------] Global test environment set-up.
[----------] 1 test from RandomCommTest
[ RUN      ] RandomCommTest.TestsInTests
[==========] Running 1 test from 1 test suite.
[----------] Global test environment set-up.
[----------] 1 test from RandomCommTest
[ RUN      ] RandomCommTest.TestsInTests
[----------] 1 test from RandomCommTest
[ RUN      ] RandomCommTest.TestsInTests
[       OK ] RandomCommTest.TestsInTests (8 ms)
[----------] 1 test from RandomCommTest (8 ms total)

[----------] Global test environment tear-down
[==========] 1 test from 1 test suite ran. (8 ms total)
[  PASSED  ] 1 test.
[       OK ] RandomCommTest.TestsInTests (8 ms)
[----------] 1 test from RandomCommTest (8 ms total)

[----------] Global test environment tear-down
[==========] 1 test from 1 test suite ran. (8 ms total)
[  PASSED  ] 1 test.
[       OK ] RandomCommTest.TestsInTests (8 ms)
[----------] 1 test from RandomCommTest (8 ms total)

[----------] Global test environment tear-down
[==========] 1 test from 1 test suite ran. (8 ms total)
[  PASSED  ] 1 test.
[       OK ] RandomCommTest.TestsInTests (8 ms)
[----------] 1 test from RandomCommTest (8 ms total)

[----------] Global test environment tear-down
[==========] 1 test from 1 test suite ran. (8 ms total)
[  PASSED  ] 1 test.
[       OK ] RandomCommTest.TestsInTests (8 ms)
[----------] 1 test from RandomCommTest (8 ms total)

[----------] Global test environment tear-down
[==========] 1 test from 1 test suite ran. (8 ms total)
[  PASSED  ] 1 test.
[       OK ] RandomCommTest.TestsInTests (8 ms)
[----------] 1 test from RandomCommTest (8 ms total)

[----------] Global test environment tear-down
[==========] 1 test from 1 test suite ran. (8 ms total)
[  PASSED  ] 1 test.
[       OK ] RandomCommTest.TestsInTests (8 ms)
[----------] 1 test from RandomCommTest (8 ms total)

[----------] Global test environment tear-down
[==========] 1 test from 1 test suite ran. (8 ms total)
[  PASSED  ] 1 test.
[       OK ] RandomCommTest.TestsInTests (8 ms)
[----------] 1 test from RandomCommTest (8 ms total)

[----------] Global test environment tear-down
[==========] 1 test from 1 test suite ran. (8 ms total)
[  PASSED  ] 1 test.
[       OK ] RandomCommTest.TestsInTests (7 ms)
[----------] 1 test from RandomCommTest (7 ms total)

[----------] Global test environment tear-down
[==========] 1 test from 1 test suite ran. (8 ms total)
[  PASSED  ] 1 test.
[       OK ] RandomCommTest.TestsInTests (7 ms)
[----------] 1 test from RandomCommTest (7 ms total)

[----------] Global test environment tear-down
[==========] 1 test from 1 test suite ran. (8 ms total)
[  PASSED  ] 1 test.
[       OK ] RandomCommTest.TestsInTests (7 ms)
[----------] 1 test from RandomCommTest (7 ms total)

[----------] Global test environment tear-down
[==========] 1 test from 1 test suite ran. (8 ms total)
[  PASSED  ] 1 test.
[       OK ] RandomCommTest.TestsInTests (7 ms)
[----------] 1 test from RandomCommTest (7 ms total)

[----------] Global test environment tear-down
[==========] 1 test from 1 test suite ran. (8 ms total)
[  PASSED  ] 1 test.
[       OK ] RandomCommTest.TestsInTests (7 ms)
[----------] 1 test from RandomCommTest (7 ms total)

[----------] Global test environment tear-down
[==========] 1 test from 1 test suite ran. (8 ms total)
[  PASSED  ] 1 test.
[       OK ] RandomCommTest.TestsInTests (7 ms)
[----------] 1 test from RandomCommTest (7 ms total)

[----------] Global test environment tear-down
[==========] 1 test from 1 test suite ran. (8 ms total)
[  PASSED  ] 1 test.
[       OK ] RandomCommTest.TestsInTests (7 ms)
[----------] 1 test from RandomCommTest (7 ms total)

[----------] Global test environment tear-down
[==========] 1 test from 1 test suite ran. (8 ms total)
[  PASSED  ] 1 test.
[       OK ] RandomCommTest.TestsInTests (7 ms)
[----------] 1 test from RandomCommTest (7 ms total)

[----------] Global test environment tear-down
[==========] 1 test from 1 test suite ran. (8 ms total)
[  PASSED  ] 1 test.
